<?xml version="1.0" encoding="UTF-8"?>
<!-- Generated by org.testng.reporters.JUnitReportReporter -->
<testsuite hostname="Ravi-PC" failures="0" tests="4" name="demo_ddt" time="0.016" errors="0" timestamp="2021-06-28T10:19:02 IST" skipped="0">
  <testcase classname="demo_ddt" name="test5" time="0.002"/>
  <system-out/>
  <testcase classname="demo_ddt" name="test5" time="0.002"/>
  <system-out/>
  <testcase classname="demo_ddt" name="test5" time="0.002"/>
  <system-out/>
  <testcase classname="demo_ddt" name="test5" time="0.010"/>
  <system-out/>
</testsuite> <!-- demo_ddt -->
