<?xml version="1.0" encoding="UTF-8"?>
<!-- Generated by org.testng.reporters.JUnitReportReporter -->
<testsuite hostname="Ravi-PC" failures="0" tests="1" name="POM.Tests.navigateTestAutoPageTest" time="13.928" errors="0" timestamp="2021-06-30T12:08:30 IST" skipped="0">
  <testcase classname="POM.Tests.navigateTestAutoPageTest" name="testNavigateTestAutoPage" time="13.928"/>
  <system-out/>
</testsuite> <!-- POM.Tests.navigateTestAutoPageTest -->
