<?xml version="1.0" encoding="UTF-8"?>
<!-- Generated by org.testng.reporters.JUnitReportReporter -->
<testsuite hostname="Ravi-PC" failures="0" tests="1" name="demo_iFrame" time="18.609" errors="0" timestamp="2021-06-24T10:26:03 IST" skipped="0">
  <testcase classname="demo_iFrame" name="test_iFrame" time="18.609"/>
  <system-out/>
</testsuite> <!-- demo_iFrame -->
